<?xml version="1.0" encoding="UTF-8"?>
<testng-results ignored="0" total="1" passed="1" failed="0" skipped="0">
  <reporter-output>
  </reporter-output>
  <suite started-at="2023-12-18T19:01:04Z" name="Default suite" finished-at="2023-12-18T19:01:29Z" duration-ms="24680">
    <groups>
    </groups>
    <test started-at="2023-12-18T19:01:04Z" name="Default test" finished-at="2023-12-18T19:01:29Z" duration-ms="24680">
      <class name="Tests.AccountPageTest">
        <test-method is-config="true" signature="startBrowser()[pri:0, instance:Tests.AccountPageTest@74a6f9c1]" started-at="2023-12-18T12:00:59Z" name="startBrowser" finished-at="2023-12-18T12:01:04Z" duration-ms="5377" status="PASS">
          <reporter-output>
          </reporter-output>
        </test-method> <!-- startBrowser -->
        <test-method is-config="true" signature="start()[pri:0, instance:Tests.AccountPageTest@74a6f9c1]" started-at="2023-12-18T12:01:04Z" name="start" finished-at="2023-12-18T12:01:17Z" duration-ms="12854" status="PASS">
          <reporter-output>
          </reporter-output>
        </test-method> <!-- start -->
        <test-method signature="AccountPageTest()[pri:0, instance:Tests.AccountPageTest@74a6f9c1]" started-at="2023-12-18T12:01:17Z" name="AccountPageTest" finished-at="2023-12-18T12:01:29Z" duration-ms="11763" status="PASS">
          <reporter-output>
          </reporter-output>
        </test-method> <!-- AccountPageTest -->
        <test-method is-config="true" signature="close()[pri:0, instance:Tests.AccountPageTest@74a6f9c1]" started-at="2023-12-18T12:01:29Z" name="close" finished-at="2023-12-18T12:01:30Z" duration-ms="626" status="PASS">
          <reporter-output>
          </reporter-output>
        </test-method> <!-- close -->
      </class> <!-- Tests.AccountPageTest -->
    </test> <!-- Default test -->
  </suite> <!-- Default suite -->
</testng-results>
