<?xml version="1.0" encoding="UTF-8"?>
<testng-results ignored="0" total="1" passed="1" failed="0" skipped="0">
  <reporter-output>
  </reporter-output>
  <suite started-at="2023-11-10T04:37:44Z" name="Default suite" finished-at="2023-11-10T04:38:07Z" duration-ms="23829">
    <groups>
    </groups>
    <test started-at="2023-11-10T04:37:44Z" name="Default test" finished-at="2023-11-10T04:38:07Z" duration-ms="23829">
      <class name="tests.LoginTest">
        <test-method is-config="true" signature="startBrowser()[pri:0, instance:tests.LoginTest@54eb2b70]" started-at="2023-11-09T21:37:40Z" name="startBrowser" finished-at="2023-11-09T21:37:44Z" duration-ms="3461" status="PASS">
          <reporter-output>
          </reporter-output>
        </test-method> <!-- startBrowser -->
        <test-method is-config="true" signature="start()[pri:0, instance:tests.LoginTest@54eb2b70]" started-at="2023-11-09T21:37:44Z" name="start" finished-at="2023-11-09T21:37:56Z" duration-ms="12386" status="PASS">
          <reporter-output>
          </reporter-output>
        </test-method> <!-- start -->
        <test-method signature="LoginTest()[pri:0, instance:tests.LoginTest@54eb2b70]" started-at="2023-11-09T21:37:56Z" name="LoginTest" finished-at="2023-11-09T21:38:07Z" duration-ms="11415" status="PASS">
          <reporter-output>
          </reporter-output>
        </test-method> <!-- LoginTest -->
        <test-method is-config="true" signature="close()[pri:0, instance:tests.LoginTest@54eb2b70]" started-at="2023-11-09T21:38:08Z" name="close" finished-at="2023-11-09T21:38:08Z" duration-ms="839" status="PASS">
          <reporter-output>
          </reporter-output>
        </test-method> <!-- close -->
      </class> <!-- tests.LoginTest -->
    </test> <!-- Default test -->
  </suite> <!-- Default suite -->
</testng-results>
