<?xml version="1.0" encoding="UTF-8"?>
<testng-results ignored="0" total="0" passed="0" failed="0" skipped="0">
  <reporter-output>
  </reporter-output>
  <suite started-at="2024-01-25T18:14:55 MST" name="Default suite" finished-at="2024-01-25T18:14:55 MST" duration-ms="26">
    <groups>
    </groups>
    <test started-at="2024-01-25T18:14:55 MST" name="Default test" finished-at="2024-01-25T18:14:55 MST" duration-ms="26">
      <class name="Tests.mainpagetest">
        <test-method is-config="true" signature="startBrowser()[pri:0, instance:Tests.mainpagetest@23e84203]" started-at="2024-01-25T18:14:51 MST" name="startBrowser" finished-at="2024-01-25T18:14:55 MST" duration-ms="3138" status="PASS">
          <reporter-output>
          </reporter-output>
        </test-method> <!-- startBrowser -->
        <test-method is-config="true" signature="close()[pri:0, instance:Tests.mainpagetest@23e84203]" started-at="2024-01-25T18:14:55 MST" name="close" finished-at="2024-01-25T18:14:55 MST" duration-ms="305" status="PASS">
          <reporter-output>
          </reporter-output>
        </test-method> <!-- close -->
      </class> <!-- Tests.mainpagetest -->
    </test> <!-- Default test -->
  </suite> <!-- Default suite -->
</testng-results>
